This file contains any messages produced by compilers while
running configure, to aid debugging if configure makes a mistake.

It was created by bnfc configure 2.4, which was
generated by GNU Autoconf 2.65.  Invocation command line was

  $ ./configure 

## --------- ##
## Platform. ##
## --------- ##

hostname = csmisc78.cs.chalmers.se
uname -m = i386
uname -r = 9.8.0
uname -s = Darwin
uname -v = Darwin Kernel Version 9.8.0: Wed Jul 15 16:55:01 PDT 2009; root:xnu-1228.15.4~1/RELEASE_I386

/usr/bin/uname -p = i386
/bin/uname -X     = unknown

/bin/arch              = unknown
/usr/bin/arch -k       = unknown
/usr/convex/getsysinfo = unknown
/usr/bin/hostinfo      = Mach kernel version:
	 Darwin Kernel Version 9.8.0: Wed Jul 15 16:55:01 PDT 2009; root:xnu-1228.15.4~1/RELEASE_I386
Kernel configured for up to 2 processors.
2 processors are physically available.
2 processors are logically available.
Processor type: i486 (Intel 80486)
Processors active: 0 1
Primary memory available: 2.00 gigabytes
Default processor set: 84 tasks, 329 threads, 2 processors
Load average: 0.00, Mach factor: 1.99
/bin/machine           = unknown
/usr/bin/oslevel       = unknown
/bin/universe          = unknown

PATH: /Users/aarne/bin
PATH: /usr/local/bin
PATH: /Users/aarne/.cabal/bin
PATH: /opt/local/bin
PATH: /opt/local/sbin
PATH: /usr/bin
PATH: /bin
PATH: /usr/sbin
PATH: /sbin
PATH: /usr/local/bin
PATH: /usr/texbin
PATH: /usr/X11/bin
PATH: /usr/local/git/bin


## ----------- ##
## Core tests. ##
## ----------- ##

configure:1771: checking for gcc
configure:1787: found /usr/bin/gcc
configure:1798: result: gcc
configure:2027: checking for C compiler version
configure:2036: gcc --version >&5
i686-apple-darwin9-gcc-4.0.1 (GCC) 4.0.1 (Apple Inc. build 5465)
Copyright (C) 2005 Free Software Foundation, Inc.
This is free software; see the source for copying conditions.  There is NO
warranty; not even for MERCHANTABILITY or FITNESS FOR A PARTICULAR PURPOSE.

configure:2047: $? = 0
configure:2036: gcc -v >&5
Using built-in specs.
Target: i686-apple-darwin9
Configured with: /var/tmp/gcc/gcc-5465~16/src/configure --disable-checking -enable-werror --prefix=/usr --mandir=/share/man --enable-languages=c,objc,c++,obj-c++ --program-transform-name=/^[cg][^.-]*$/s/$/-4.0/ --with-gxx-include-dir=/include/c++/4.0.0 --with-slibdir=/usr/lib --build=i686-apple-darwin9 --with-arch=apple --with-tune=generic --host=i686-apple-darwin9 --target=i686-apple-darwin9
Thread model: posix
gcc version 4.0.1 (Apple Inc. build 5465)
configure:2047: $? = 0
configure:2036: gcc -V >&5
gcc-4.0: argument to `-V' is missing
configure:2047: $? = 1
configure:2036: gcc -qversion >&5
i686-apple-darwin9-gcc-4.0.1: no input files
configure:2047: $? = 1
configure:2067: checking whether the C compiler works
configure:2089: gcc    conftest.c  >&5
configure:2093: $? = 0
configure:2142: result: yes
configure:2145: checking for C compiler default output file name
configure:2147: result: a.out
configure:2153: checking for suffix of executables
configure:2160: gcc -o conftest    conftest.c  >&5
configure:2164: $? = 0
configure:2186: result: 
configure:2208: checking whether we are cross compiling
configure:2216: gcc -o conftest    conftest.c  >&5
configure:2220: $? = 0
configure:2227: ./conftest
configure:2231: $? = 0
configure:2246: result: no
configure:2251: checking for suffix of object files
configure:2273: gcc -c   conftest.c >&5
configure:2277: $? = 0
configure:2298: result: o
configure:2302: checking whether we are using the GNU C compiler
configure:2321: gcc -c   conftest.c >&5
configure:2321: $? = 0
configure:2330: result: yes
configure:2339: checking whether gcc accepts -g
configure:2359: gcc -c -g  conftest.c >&5
configure:2359: $? = 0
configure:2400: result: yes
configure:2417: checking for gcc option to accept ISO C89
configure:2481: gcc  -c -g -O2  conftest.c >&5
configure:2481: $? = 0
configure:2494: result: none needed
configure:2515: checking whether make sets $(MAKE)
configure:2537: result: yes
configure:2616: checking for ghc
configure:2634: found /usr/bin/ghc
configure:2646: result: /usr/bin/ghc
configure:2659: checking GHC version
configure:2661: result: 6.12.3
configure:2668: checking for gtar
configure:2698: result: no
configure:2668: checking for tar
configure:2684: found /usr/bin/tar
configure:2695: result: tar
configure:2744: checking for a BSD-compatible install
configure:2812: result: /usr/bin/install -c
configure:2970: creating ./config.status

## ---------------------- ##
## Running config.status. ##
## ---------------------- ##

This file was extended by bnfc config.status 2.4, which was
generated by GNU Autoconf 2.65.  Invocation command line was

  CONFIG_FILES    = 
  CONFIG_HEADERS  = 
  CONFIG_LINKS    = 
  CONFIG_COMMANDS = 
  $ ./config.status 

on csmisc78.cs.chalmers.se

config.status:733: creating config.mk
config.status:733: creating Makefile
config.status:733: creating src/Makefile

## ---------------- ##
## Cache variables. ##
## ---------------- ##

ac_cv_c_compiler_gnu=yes
ac_cv_env_CC_set=
ac_cv_env_CC_value=
ac_cv_env_CFLAGS_set=
ac_cv_env_CFLAGS_value=
ac_cv_env_CPPFLAGS_set=
ac_cv_env_CPPFLAGS_value=
ac_cv_env_LDFLAGS_set=
ac_cv_env_LDFLAGS_value=
ac_cv_env_LIBS_set=
ac_cv_env_LIBS_value=
ac_cv_env_build_alias_set=
ac_cv_env_build_alias_value=
ac_cv_env_host_alias_set=
ac_cv_env_host_alias_value=
ac_cv_env_target_alias_set=
ac_cv_env_target_alias_value=
ac_cv_objext=o
ac_cv_path_GHC=/usr/bin/ghc
ac_cv_path_install='/usr/bin/install -c'
ac_cv_prog_TAR=tar
ac_cv_prog_ac_ct_CC=gcc
ac_cv_prog_cc_c89=
ac_cv_prog_cc_g=yes
ac_cv_prog_make_make_set=yes

## ----------------- ##
## Output variables. ##
## ----------------- ##

CC='gcc'
CFLAGS='-g -O2'
CPPFLAGS=''
DEFS='-DPACKAGE_NAME=\"bnfc\" -DPACKAGE_TARNAME=\"bnfc\" -DPACKAGE_VERSION=\"2.4\" -DPACKAGE_STRING=\"bnfc\ 2.4\" -DPACKAGE_BUGREPORT=\"markus.forsberg@gu.se\" -DPACKAGE_URL=\"\"'
ECHO_C='\c'
ECHO_N=''
ECHO_T=''
EXEEXT=''
GHC='/usr/bin/ghc'
GHCFLAGS=''
GHCI=''
INSTALL_DATA='${INSTALL} -m 644'
INSTALL_PROGRAM='${INSTALL}'
INSTALL_SCRIPT='${INSTALL}'
LDFLAGS=''
LIBOBJS=''
LIBS=''
LTLIBOBJS=''
OBJEXT='o'
PACKAGE_BUGREPORT='markus.forsberg@gu.se'
PACKAGE_NAME='bnfc'
PACKAGE_STRING='bnfc 2.4'
PACKAGE_TARNAME='bnfc'
PACKAGE_URL=''
PACKAGE_VERSION='2.4'
PATH_SEPARATOR=':'
SET_MAKE=''
SHELL='/bin/sh'
TAR='tar'
ac_ct_CC='gcc'
bindir='${exec_prefix}/bin'
build_alias=''
datadir='${datarootdir}'
datarootdir='${prefix}/share'
docdir='${datarootdir}/doc/${PACKAGE_TARNAME}'
dvidir='${docdir}'
exec_prefix='${prefix}'
host_alias=''
htmldir='${docdir}'
includedir='${prefix}/include'
infodir='${datarootdir}/info'
libdir='${exec_prefix}/lib'
libexecdir='${exec_prefix}/libexec'
localedir='${datarootdir}/locale'
localstatedir='${prefix}/var'
mandir='${datarootdir}/man'
oldincludedir='/usr/include'
pdfdir='${docdir}'
prefix='/usr/local'
program_transform_name='s,x,x,'
psdir='${docdir}'
sbindir='${exec_prefix}/sbin'
sharedstatedir='${prefix}/com'
sysconfdir='${prefix}/etc'
target_alias=''

## ----------- ##
## confdefs.h. ##
## ----------- ##

/* confdefs.h */
#define PACKAGE_NAME "bnfc"
#define PACKAGE_TARNAME "bnfc"
#define PACKAGE_VERSION "2.4"
#define PACKAGE_STRING "bnfc 2.4"
#define PACKAGE_BUGREPORT "markus.forsberg@gu.se"
#define PACKAGE_URL ""

configure: exit 0
